ucliGUI::start /DCNFS/users/student/jtrinh/senior_design_puf/simv -ucligui 
set ucliGUI::state
set ucliGUI::state
ucliCore::getToolPID
synopsys::env hasTB
trigger_hier_stack_context_switch 0
synUtils::setDVEInitPhase 1
synopsys::dump -type VPD -file /DCNFS/users/student/jtrinh/senior_design_puf/inter.vpd -locking
synopsys::dump -autoflush on -fid VPD1
set ::dve_fid VPD1
synUtils::setDVEInitPhase 0
ucliCore::getToolPID
synUtils::sendTool -active _icl_setToolSocket /tmp/smlnp1WgpEH
synUtils::sendTool -active {_icl_start_rpc -version "M-2017.03-SP1-1_Full64" -sync_file /tmp/vcs_dve_rpc.jtrinh.32154}
synUtils::sendTool -active {_icl_createSharedMemory /tmp/vcs_dve_general.jtrinh.32154}
config endofsim noexit
config onfail enable all
config syscaddplainmembers
config syscaddsourcenames
config syscaddstructtypes
synopsys::listing -disable
# Begin_DVE_Session_Save_Info
# DVE restart session
# Saved on Wed Oct 16 14:38:49 2019
# Designs open: 1
#   Sim: /DCNFS/users/student/jtrinh/senior_design_puf/simv
# Toplevel windows open: 2
# 	TopLevel.1
# 	TopLevel.2
#   Source.1: tb_ro
#   Wave.1: 2 signals
#   Group count = 2
#   Group Group1 signal count = 2
#   Group Group2 signal count = 2
# End_DVE_Session_Save_Info
# DVE version: M-2017.03-SP1-1_Full64
# DVE build date: Jul 10 2017 21:08:24
#<Session mode="Restart" path=".restartSimSession.tcl" type="Debug">
# Application preferences
#<WindowLayout>
# DVE top-level session
# Create and position top-level window: TopLevel.1
set TopLevel.1 TopLevel.1
# Docked window settings
set HSPane.1 HSPane.1
set Hier.1 Hier.1
set DLPane.1 DLPane.1
set Data.1 Data.1
set Console.1 Console.1
# MDI window settings
set Source.1 Source.1
# End MDI window settings
# Create and position top-level window: TopLevel.2
set TopLevel.2 TopLevel.2
# Docked window settings
# MDI window settings
set Wave.1 Wave.1
# End MDI window settings
#</WindowLayout>
#<Database>
#</Database>
# DVE Global setting session:
# Global: Breakpoints
# Global: Bus
# Global: Expressions
# Global: Signal Time Shift
# Global: Signal Compare
# Global: Signal Groups
synopsys::dump -add {tb_ro} -scope "." -depth 1 -fid VPD1
set _session_group_1 Group1
set Group1 "$_session_group_1"
set _session_group_2 Group2
set Group2 "$_session_group_2"
# Global: Highlighting
# Global: Stack
synopsys::xml {set_only_active_frame <data value="1" />}
# Post database loading setting...
# Save global setting...
# Wave/List view global setting
# Close all empty TopLevel windows
foreach __top [gui_ekki_get_window_ids -type TopLevel] {     if { [llength [gui_ekki_get_window_ids -parent $__top]] == 0} {         gui_close_window -window $__top     } }
# DVE View/pane content session:
# Hier 'Hier.1'
catch {gui_list_select -id ${Hier.1} {tb_ro}}
# Data 'Data.1'
catch { gui_list_select -id ${Data.1} {tb_ro.out tb_ro.en }}
# Source 'Source.1'
# View 'Wave.1'
set groupExD [gui_get_pref_value -category Wave -key exclusiveSG]
set origWaveHeight [gui_get_pref_value -category Wave -key waveRowHeight]
set origGroupCreationState [gui_list_create_group_when_add -wave]
if {$origGroupCreationState} { 	gui_list_create_group_when_add -wave -enable }
if { $groupExD } {  gui_msg_report -code DVWW028 }
# Restore toplevel window zorder
# The toplevel window could be closed if it has no view/pane
if {[gui_exist_window -window ${TopLevel.1}]} { 	gui_set_active_window -window ${TopLevel.1} 	gui_set_active_window -window ${Source.1} 	gui_set_active_window -window ${DLPane.1} }
if {[gui_exist_window -window ${TopLevel.2}]} { 	gui_set_active_window -window ${TopLevel.2} 	gui_set_active_window -window ${Wave.1} }
#</Session>
synopsys::run
set ucliGUI::state
set ucliGUI::state
ucliCore::getToolPID
ucliCore::stopTool -no_signal
set synopsys::env(time) 200
ucliCore::stopTool
set ucliGUI::state
