Chronologic VCS simulator copyright 1991-2017
Contains Synopsys proprietary information.
Compiler version M-2017.03-SP1-1_Full64; Runtime version M-2017.03-SP1-1_Full64;  Oct 16 14:37 2019
VCD+ Writer M-2017.03-SP1-1_Full64 Copyright (c) 1991-2017 by Synopsys Inc.
The file '/DCNFS/users/student/jtrinh/senior_design_puf/inter.vpd' was opened successfully.
Starting Ring Oscillator Test
Output of ro0: x	 Time:                    0
Output of ro0: 1	 Time:                  100
Warning: [DVIT110] 
Simulation is not responding to interrupt request from DVE.
Please try the following:
* Compile the design with '-debug_access+all'.
* If the design contains SystemC or PLI C/C++ code, please select menu item 'Simulator->C/C++ Debugging->Enable'
  or run 'cbug' from DVE console just after simulation startup.
* Press <ESC> key and press 'Force Break' button in the dialog (do this eventually a few times).
Error: synopsys::run
Error: "simv" failed to start or died unexpectedly
Chronologic VCS simulator copyright 1991-2017
Contains Synopsys proprietary information.
Compiler version M-2017.03-SP1-1_Full64; Runtime version M-2017.03-SP1-1_Full64;  Oct 16 14:38 2019
VCD+ Writer M-2017.03-SP1-1_Full64 Copyright (c) 1991-2017 by Synopsys Inc.
The file '/DCNFS/users/student/jtrinh/senior_design_puf/inter.vpd' was opened successfully.
Starting Ring Oscillator Test
Output of ro0: x	 Time:                    0
Output of ro0: 1	 Time:                  100
VCS terminated abruptly at time 200
---------------------------------------------

Simulation has just terminated due to a severe internal error:


Release = 'M-2017.03-SP1-1_Full64'  Architecture = 'linux64'  Program = 'DVE'

'33822275 33859305 32296996 32306503 32188571 32189050 32086731 32130828 32134024 41067768 42908143 42913810 42914655 42917859 42942638 42913810 43063961 43082998 43231008 42913810 42917467 42917822 43232535 42913810 43063961 43082998 42917908 42943915 42913810 43063961 43082998 43231008 42913810 42917467 43163769 42913810 43063961 43082998 43231008 42913810 42917467 42917822 43232535 42913810 43063961 43082998 42917908 42943915 42913810 43063961 43082998 43231008 42913810 42917467 43163769 42913810 42914655 41065036 36560409 36537040 36575144 36567342 36567969 33873424 34385358 36825389 37019604 37020256 37326018 44120618 44120866 44299071 43802757 43803702 34339794 34143118 43501521 43495696 43554050 18199730 43870713 43870586 18198105 17928076 14487397 46912551261445'

---------------------------------------------
===============================DVE Context================================
Tcl="gui_sim_continue " 
Tcl="gui_eval_and_log_cmd gui_sim_continue  " 
Tcl="gui_simulator_start_continue_command " 
Command line: /opt/synopsys-2017/app/vcs-mx/M-2017.03-SP1-1/gui/dve/linux64/bin/dve.exe -full64 -ucliplatform=linux64 -toolargs "-ucligui -toolexe ./simv  -pid 31578" -toolin /tmp/vcs_20191016213722_31567_jtrinh..stdin -toolout /tmp/vcs_20191016213722_31567_jtrinh..stdout
==========================================================================
