# Preference setting overrides
gui_create_pref_key -category {Globals} -key {load_detail_for_funcov} -value_type {bool} -value {false}

# State setting overrides
gui_state_default_create -off -ini
gui_set_state_value -category Layout -key child_console_size_x -value 1139
gui_set_state_value -category Layout -key child_console_size_y -value 124
gui_set_state_value -category Layout -key child_data_coltype -value 59
gui_set_state_value -category Layout -key child_data_colvalue -value 17
gui_set_state_value -category Layout -key child_data_colvariable -value 152
gui_set_state_value -category Layout -key child_data_size_x -value 184
gui_set_state_value -category Layout -key child_data_size_y -value 410
gui_set_state_value -category Layout -key child_driver_size_x -value 1093
gui_set_state_value -category Layout -key child_driver_size_y -value 179
gui_set_state_value -category Layout -key child_hier_col3 -value {-1}
gui_set_state_value -category Layout -key child_hier_colpd -value 0
gui_set_state_value -category Layout -key child_hier_size_x -value 172
gui_set_state_value -category Layout -key child_hier_size_y -value 410
gui_set_state_value -category Layout -key child_hier_sort_order -value 1
gui_set_state_value -category Layout -key child_source_docknewline -value false
gui_set_state_value -category Layout -key child_source_pos_x -value {-2}
gui_set_state_value -category Layout -key child_source_pos_y -value {-15}
gui_set_state_value -category Layout -key child_source_size_x -value 786
gui_set_state_value -category Layout -key child_source_size_y -value 405
gui_set_state_value -category Layout -key child_wave_colname -value 154
gui_set_state_value -category Layout -key child_wave_colvalue -value 154
gui_set_state_value -category Layout -key child_wave_left -value 313
gui_set_state_value -category Layout -key child_wave_right -value 763
gui_set_state_value -category Layout -key main_pos_x -value 1
gui_set_state_value -category Layout -key main_pos_y -value 51
gui_set_state_value -category Layout -key main_size_x -value 1140
gui_set_state_value -category Layout -key main_size_y -value 703
gui_set_state_value -category Layout -key stand_source_child_pos_x -value {-2}
gui_set_state_value -category Layout -key stand_source_child_pos_y -value {-15}
gui_set_state_value -category Layout -key stand_source_child_size_x -value 734
gui_set_state_value -category Layout -key stand_source_child_size_y -value 353
gui_set_state_value -category Layout -key stand_wave_child_docknewline -value false
gui_set_state_value -category Layout -key stand_wave_child_pos_x -value {-2}
gui_set_state_value -category Layout -key stand_wave_child_pos_y -value {-15}
gui_set_state_value -category Layout -key stand_wave_child_size_x -value 1086
gui_set_state_value -category Layout -key stand_wave_child_size_y -value 489
gui_set_state_value -category Layout -key stand_wave_top_pos_x -value 1
gui_set_state_value -category Layout -key stand_wave_top_pos_y -value 91
gui_set_state_value -category Layout -key stand_wave_top_size_x -value 1082
gui_set_state_value -category Layout -key stand_wave_top_size_y -value 703
gui_create_state_key -category FindDialog -key m_pMatchCase -value_type bool -value false
gui_create_state_key -category FindDialog -key m_pMatchWord -value_type bool -value false
gui_create_state_key -category FindDialog -key m_pUseCombo -value_type string -value {}
gui_create_state_key -category FindDialog -key m_pWrapAround -value_type bool -value true
gui_create_state_key -category Widget_History -key TopLevel.1|qt_left_dock|DockWnd1|HSPane.1|pages|Class.1|hbox|textfilter -value_type string -value {*monitor *tx *eth_transmit}
gui_create_state_key -category Widget_History -key TopLevel.2|EkTopVbox|wndWorkspace|qt_workspacechild2|Wave.1|left|filterVBox|controlHBox|unnamed -value_type string -value {*ren *sop *pkt_rx* *pkt_tx}
gui_create_state_key -category Widget_History -key TopLevel.3|EkTopVbox|wndWorkspace|qt_workspacechild3|Wave.2|left|filterVBox|controlHBox|unnamed -value_type string -value *sop
gui_create_state_key -category Widget_History -key {dlgSimSetup|m_setupTab|tab pages|SimTab|m_VPDCombo} -value_type string -value inter.vpd
gui_create_state_key -category Widget_History -key {dlgSimSetup|m_setupTab|tab pages|SimTab|m_curDirCombo} -value_type string -value /DCNFS/users/student/jtrinh/elen613/homework1
gui_create_state_key -category Widget_History -key {dlgSimSetup|m_setupTab|tab pages|SimTab|m_exeCombo} -value_type string -value ./simv
gui_state_default_create -off

# Begin command logging
gui_sim_run Ucli -exe ./simv -args {-ucligui  } -dir .
gui_list_expand -id  Hier.1   tb_race_arbiter
gui_list_select -id Hier.1 -current_item_name tb_race_arbiter.dut -current_item_type Scope  -selected  { tb_race_arbiter.dut   }
gui_open_window Wave
gui_list_add -id Wave.1 -from Hier.1 { tb_race_arbiter.dut } -insertionbar
gui_sim_continue  
gui_zoom -window Wave.1 -full
gui_close_window -window TopLevel.2
